{"C:\\Users\\userpc\\Desktop\\projects\\nextJS\\book-database\\backend\\server.js": {"path":"C:\\Users\\userpc\\Desktop\\projects\\nextJS\\book-database\\backend\\server.js","statementMap":{"0":{"start":{"line":4,"column":12},"end":{"line":4,"column":21}},"1":{"start":{"line":5,"column":13},"end":{"line":5,"column":37}},"2":{"start":{"line":6,"column":0},"end":{"line":6,"column":24}},"3":{"start":{"line":7,"column":0},"end":{"line":7,"column":18}},"4":{"start":{"line":18,"column":0},"end":{"line":18,"column":23}},"5":{"start":{"line":21,"column":0},"end":{"line":23,"column":2}},"6":{"start":{"line":22,"column":4},"end":{"line":22,"column":39}},"7":{"start":{"line":24,"column":0},"end":{"line":24,"column":30}},"8":{"start":{"line":25,"column":0},"end":{"line":25,"column":35}},"9":{"start":{"line":27,"column":0},"end":{"line":27,"column":21}}},"fnMap":{"0":{"name":"(anonymous_0)","decl":{"start":{"line":21,"column":13},"end":{"line":21,"column":14}},"loc":{"start":{"line":21,"column":24},"end":{"line":23,"column":1}},"line":21}},"branchMap":{"0":{"loc":{"start":{"line":5,"column":13},"end":{"line":5,"column":37}},"type":"binary-expr","locations":[{"start":{"line":5,"column":13},"end":{"line":5,"column":29}},{"start":{"line":5,"column":33},"end":{"line":5,"column":37}}],"line":5}},"s":{"0":1,"1":1,"2":1,"3":1,"4":1,"5":1,"6":0,"7":1,"8":1,"9":1},"f":{"0":0},"b":{"0":[1,1]},"inputSourceMap":null,"_coverageSchema":"1a1c01bbd47fc00a2c39e90264f33305004495a9","hash":"5a1cdee0c4bf7995b6dec96e6439d73ded6fd95f"}
,"C:\\Users\\userpc\\Desktop\\projects\\nextJS\\book-database\\backend\\config\\db.js": {"path":"C:\\Users\\userpc\\Desktop\\projects\\nextJS\\book-database\\backend\\config\\db.js","statementMap":{"0":{"start":{"line":3,"column":0},"end":{"line":3,"column":16}},"1":{"start":{"line":5,"column":20},"end":{"line":5,"column":43}},"2":{"start":{"line":7,"column":32},"end":{"line":14,"column":1}},"3":{"start":{"line":8,"column":2},"end":{"line":13,"column":3}},"4":{"start":{"line":9,"column":6},"end":{"line":9,"column":42}},"5":{"start":{"line":10,"column":6},"end":{"line":10,"column":42}},"6":{"start":{"line":12,"column":6},"end":{"line":12,"column":59}}},"fnMap":{"0":{"name":"(anonymous_0)","decl":{"start":{"line":7,"column":32},"end":{"line":7,"column":33}},"loc":{"start":{"line":7,"column":44},"end":{"line":14,"column":1}},"line":7}},"branchMap":{},"s":{"0":1,"1":1,"2":1,"3":1,"4":1,"5":1,"6":0},"f":{"0":1},"b":{},"inputSourceMap":null,"_coverageSchema":"1a1c01bbd47fc00a2c39e90264f33305004495a9","hash":"d390f9debcc68269655745c2669daddaaa21ef07"}
,"C:\\Users\\userpc\\Desktop\\projects\\nextJS\\book-database\\backend\\controllers\\books\\allBooks.js": {"path":"C:\\Users\\userpc\\Desktop\\projects\\nextJS\\book-database\\backend\\controllers\\books\\allBooks.js","statementMap":{"0":{"start":{"line":3,"column":20},"end":{"line":10,"column":1}},"1":{"start":{"line":4,"column":4},"end":{"line":9,"column":5}},"2":{"start":{"line":5,"column":22},"end":{"line":5,"column":39}},"3":{"start":{"line":6,"column":8},"end":{"line":6,"column":37}},"4":{"start":{"line":8,"column":8},"end":{"line":8,"column":19}}},"fnMap":{"0":{"name":"(anonymous_0)","decl":{"start":{"line":3,"column":20},"end":{"line":3,"column":21}},"loc":{"start":{"line":3,"column":41},"end":{"line":10,"column":1}},"line":3}},"branchMap":{},"s":{"0":1,"1":0,"2":0,"3":0,"4":0},"f":{"0":0},"b":{},"inputSourceMap":null,"_coverageSchema":"1a1c01bbd47fc00a2c39e90264f33305004495a9","hash":"b2d66172e64430f7be7ef88b31f1aaad19663d9f"}
,"C:\\Users\\userpc\\Desktop\\projects\\nextJS\\book-database\\backend\\controllers\\books\\paginateBooks.js": {"path":"C:\\Users\\userpc\\Desktop\\projects\\nextJS\\book-database\\backend\\controllers\\books\\paginateBooks.js","statementMap":{"0":{"start":{"line":3,"column":22},"end":{"line":28,"column":1}},"1":{"start":{"line":4,"column":2},"end":{"line":27,"column":3}},"2":{"start":{"line":5,"column":23},"end":{"line":5,"column":50}},"3":{"start":{"line":6,"column":57},"end":{"line":6,"column":66}},"4":{"start":{"line":7,"column":18},"end":{"line":7,"column":20}},"5":{"start":{"line":8,"column":17},"end":{"line":8,"column":35}},"6":{"start":{"line":10,"column":30},"end":{"line":10,"column":68}},"7":{"start":{"line":11,"column":22},"end":{"line":11,"column":74}},"8":{"start":{"line":12,"column":22},"end":{"line":12,"column":47}},"9":{"start":{"line":14,"column":18},"end":{"line":17,"column":17}},"10":{"start":{"line":19,"column":4},"end":{"line":24,"column":7}},"11":{"start":{"line":26,"column":4},"end":{"line":26,"column":15}}},"fnMap":{"0":{"name":"(anonymous_0)","decl":{"start":{"line":3,"column":22},"end":{"line":3,"column":23}},"loc":{"start":{"line":3,"column":48},"end":{"line":28,"column":1}},"line":3}},"branchMap":{"0":{"loc":{"start":{"line":6,"column":12},"end":{"line":6,"column":20}},"type":"default-arg","locations":[{"start":{"line":6,"column":19},"end":{"line":6,"column":20}}],"line":6},"1":{"loc":{"start":{"line":6,"column":22},"end":{"line":6,"column":37}},"type":"default-arg","locations":[{"start":{"line":6,"column":31},"end":{"line":6,"column":37}}],"line":6},"2":{"loc":{"start":{"line":6,"column":39},"end":{"line":6,"column":52}},"type":"default-arg","locations":[{"start":{"line":6,"column":47},"end":{"line":6,"column":52}}],"line":6},"3":{"loc":{"start":{"line":11,"column":22},"end":{"line":11,"column":74}},"type":"cond-expr","locations":[{"start":{"line":11,"column":59},"end":{"line":11,"column":65}},{"start":{"line":11,"column":68},"end":{"line":11,"column":74}}],"line":11},"4":{"loc":{"start":{"line":12,"column":22},"end":{"line":12,"column":47}},"type":"cond-expr","locations":[{"start":{"line":12,"column":41},"end":{"line":12,"column":43}},{"start":{"line":12,"column":46},"end":{"line":12,"column":47}}],"line":12}},"s":{"0":1,"1":5,"2":5,"3":5,"4":5,"5":5,"6":5,"7":5,"8":5,"9":5,"10":5,"11":0},"f":{"0":5},"b":{"0":[3],"1":[2],"2":[3],"3":[4,1],"4":[1,4]},"inputSourceMap":null,"_coverageSchema":"1a1c01bbd47fc00a2c39e90264f33305004495a9","hash":"e904cb849c59b5402a4f614f63f7bcc717816a45"}
,"C:\\Users\\userpc\\Desktop\\projects\\nextJS\\book-database\\backend\\middlewares\\errorHandler.js": {"path":"C:\\Users\\userpc\\Desktop\\projects\\nextJS\\book-database\\backend\\middlewares\\errorHandler.js","statementMap":{"0":{"start":{"line":1,"column":21},"end":{"line":4,"column":1}},"1":{"start":{"line":2,"column":4},"end":{"line":2,"column":54}},"2":{"start":{"line":3,"column":4},"end":{"line":3,"column":61}}},"fnMap":{"0":{"name":"(anonymous_0)","decl":{"start":{"line":1,"column":21},"end":{"line":1,"column":22}},"loc":{"start":{"line":1,"column":45},"end":{"line":4,"column":1}},"line":1}},"branchMap":{},"s":{"0":1,"1":0,"2":0},"f":{"0":0},"b":{},"inputSourceMap":null,"_coverageSchema":"1a1c01bbd47fc00a2c39e90264f33305004495a9","hash":"e16bbfe9c2a5bad2cd51cb5553d7fa2223fc0ccb"}
,"C:\\Users\\userpc\\Desktop\\projects\\nextJS\\book-database\\backend\\middlewares\\logger.js": {"path":"C:\\Users\\userpc\\Desktop\\projects\\nextJS\\book-database\\backend\\middlewares\\logger.js","statementMap":{"0":{"start":{"line":1,"column":22},"end":{"line":4,"column":1}},"1":{"start":{"line":2,"column":4},"end":{"line":2,"column":73}},"2":{"start":{"line":3,"column":4},"end":{"line":3,"column":10}}},"fnMap":{"0":{"name":"(anonymous_0)","decl":{"start":{"line":1,"column":22},"end":{"line":1,"column":23}},"loc":{"start":{"line":1,"column":38},"end":{"line":4,"column":1}},"line":1}},"branchMap":{},"s":{"0":1,"1":5,"2":5},"f":{"0":5},"b":{},"inputSourceMap":null,"_coverageSchema":"1a1c01bbd47fc00a2c39e90264f33305004495a9","hash":"2f32f2e0402453df6a1a84e62100136439bc3537"}
,"C:\\Users\\userpc\\Desktop\\projects\\nextJS\\book-database\\backend\\models\\Book.js": {"path":"C:\\Users\\userpc\\Desktop\\projects\\nextJS\\book-database\\backend\\models\\Book.js","statementMap":{"0":{"start":{"line":3,"column":19},"end":{"line":14,"column":24}}},"fnMap":{},"branchMap":{},"s":{"0":1},"f":{},"b":{},"inputSourceMap":null,"_coverageSchema":"1a1c01bbd47fc00a2c39e90264f33305004495a9","hash":"4ba98456cd391223bdb3f23d2075eb046addfec0"}
,"C:\\Users\\userpc\\Desktop\\projects\\nextJS\\book-database\\backend\\routes\\books\\allBook.js": {"path":"C:\\Users\\userpc\\Desktop\\projects\\nextJS\\book-database\\backend\\routes\\books\\allBook.js","statementMap":{"0":{"start":{"line":3,"column":16},"end":{"line":3,"column":32}},"1":{"start":{"line":5,"column":0},"end":{"line":5,"column":32}}},"fnMap":{},"branchMap":{},"s":{"0":1,"1":1},"f":{},"b":{},"inputSourceMap":null,"_coverageSchema":"1a1c01bbd47fc00a2c39e90264f33305004495a9","hash":"6028b536cb07edb3c53a01cb712535a98b9f5a93"}
,"C:\\Users\\userpc\\Desktop\\projects\\nextJS\\book-database\\backend\\routes\\books\\paginateBooks.js": {"path":"C:\\Users\\userpc\\Desktop\\projects\\nextJS\\book-database\\backend\\routes\\books\\paginateBooks.js","statementMap":{"0":{"start":{"line":3,"column":22},"end":{"line":3,"column":38}},"1":{"start":{"line":5,"column":0},"end":{"line":5,"column":40}}},"fnMap":{},"branchMap":{},"s":{"0":1,"1":1},"f":{},"b":{},"inputSourceMap":null,"_coverageSchema":"1a1c01bbd47fc00a2c39e90264f33305004495a9","hash":"084efffa7af60a55ede9c91043cc5d363f4a8922"}
}
